2022-01-13 23:44:33,297:INFO:Initializing load_model()
2022-01-13 23:44:33,298:INFO:load_model(model_name=model, platform=None, authentication=None, verbose=True)
2022-01-13 23:44:42,374:INFO:Initializing load_model()
2022-01-13 23:44:42,374:INFO:load_model(model_name=model, platform=None, authentication=None, verbose=True)
2022-01-13 23:44:42,441:INFO:Initializing predict_model()
2022-01-13 23:44:42,442:INFO:predict_model(estimator=Pipeline(steps=[('dtypes',
                 DataTypes_Auto_infer(ml_usecase='classification',
                                      numerical_features=['yearsAtCompany'],
                                      target='turnover')),
                ('imputer',
                 Simple_Imputer(categorical_strategy='not_available',
                                fill_value_categorical=None,
                                fill_value_numerical=None,
                                numeric_strategy='mean',
                                target_variable=None)),
                ('new_levels1',
                 New_Catagorical_Levels_in_TestData(rep...
                ('rem_outliers', 'passthrough'), ('cluster_all', 'passthrough'),
                ('dummy', Dummify(target='turnover')),
                ('fix_perfect', Remove_100(target='turnover')),
                ('clean_names', Clean_Colum_Names()),
                ('feature_select', 'passthrough'), ('fix_multi', 'passthrough'),
                ('dfs', 'passthrough'), ('pca', 'passthrough'),
                ['trained_model',
                 GradientBoostingClassifier(random_state=2550)]]), probability_threshold=None, encoded_labels=False, drift_report=False, raw_score=False, round=4, verbose=True, ml_usecase=MLUsecase.CLASSIFICATION, display=None)
2022-01-13 23:44:42,444:INFO:Checking exceptions
2022-01-13 23:44:42,445:INFO:Preloading libraries
2022-01-13 23:47:02,500:INFO:Initializing load_model()
2022-01-13 23:47:02,500:INFO:load_model(model_name=model, platform=None, authentication=None, verbose=True)
2022-01-13 23:47:19,814:INFO:Initializing load_model()
2022-01-13 23:47:19,815:INFO:load_model(model_name=model, platform=None, authentication=None, verbose=True)
2022-01-13 23:47:19,874:INFO:Initializing predict_model()
2022-01-13 23:47:19,875:INFO:predict_model(estimator=Pipeline(steps=[('dtypes',
                 DataTypes_Auto_infer(ml_usecase='classification',
                                      numerical_features=['yearsAtCompany'],
                                      target='turnover')),
                ('imputer',
                 Simple_Imputer(categorical_strategy='not_available',
                                fill_value_categorical=None,
                                fill_value_numerical=None,
                                numeric_strategy='mean',
                                target_variable=None)),
                ('new_levels1',
                 New_Catagorical_Levels_in_TestData(rep...
                ('rem_outliers', 'passthrough'), ('cluster_all', 'passthrough'),
                ('dummy', Dummify(target='turnover')),
                ('fix_perfect', Remove_100(target='turnover')),
                ('clean_names', Clean_Colum_Names()),
                ('feature_select', 'passthrough'), ('fix_multi', 'passthrough'),
                ('dfs', 'passthrough'), ('pca', 'passthrough'),
                ['trained_model',
                 GradientBoostingClassifier(random_state=2550)]]), probability_threshold=None, encoded_labels=False, drift_report=False, raw_score=False, round=4, verbose=True, ml_usecase=MLUsecase.CLASSIFICATION, display=None)
2022-01-13 23:47:19,877:INFO:Checking exceptions
2022-01-13 23:47:19,878:INFO:Preloading libraries
2022-01-13 23:49:02,557:INFO:Initializing load_model()
2022-01-13 23:49:02,557:INFO:load_model(model_name=model, platform=None, authentication=None, verbose=True)
2022-01-13 23:49:04,360:INFO:Initializing load_model()
2022-01-13 23:49:04,360:INFO:load_model(model_name=model, platform=None, authentication=None, verbose=True)
2022-01-13 23:49:04,430:INFO:Initializing predict_model()
2022-01-13 23:49:04,431:INFO:predict_model(estimator=Pipeline(steps=[('dtypes',
                 DataTypes_Auto_infer(ml_usecase='classification',
                                      numerical_features=['yearsAtCompany'],
                                      target='turnover')),
                ('imputer',
                 Simple_Imputer(categorical_strategy='not_available',
                                fill_value_categorical=None,
                                fill_value_numerical=None,
                                numeric_strategy='mean',
                                target_variable=None)),
                ('new_levels1',
                 New_Catagorical_Levels_in_TestData(rep...
                ('rem_outliers', 'passthrough'), ('cluster_all', 'passthrough'),
                ('dummy', Dummify(target='turnover')),
                ('fix_perfect', Remove_100(target='turnover')),
                ('clean_names', Clean_Colum_Names()),
                ('feature_select', 'passthrough'), ('fix_multi', 'passthrough'),
                ('dfs', 'passthrough'), ('pca', 'passthrough'),
                ['trained_model',
                 GradientBoostingClassifier(random_state=2550)]]), probability_threshold=None, encoded_labels=False, drift_report=False, raw_score=False, round=4, verbose=True, ml_usecase=MLUsecase.CLASSIFICATION, display=None)
2022-01-13 23:49:04,434:INFO:Checking exceptions
2022-01-13 23:49:04,435:INFO:Preloading libraries
2022-01-13 23:50:52,552:INFO:Initializing load_model()
2022-01-13 23:50:52,553:INFO:load_model(model_name=model, platform=None, authentication=None, verbose=True)
2022-01-13 23:51:02,615:INFO:Initializing load_model()
2022-01-13 23:51:02,616:INFO:load_model(model_name=model, platform=None, authentication=None, verbose=True)
2022-01-13 23:51:02,685:INFO:Initializing predict_model()
2022-01-13 23:51:02,686:INFO:predict_model(estimator=Pipeline(steps=[('dtypes',
                 DataTypes_Auto_infer(ml_usecase='classification',
                                      numerical_features=['yearsAtCompany'],
                                      target='turnover')),
                ('imputer',
                 Simple_Imputer(categorical_strategy='not_available',
                                fill_value_categorical=None,
                                fill_value_numerical=None,
                                numeric_strategy='mean',
                                target_variable=None)),
                ('new_levels1',
                 New_Catagorical_Levels_in_TestData(rep...
                ('rem_outliers', 'passthrough'), ('cluster_all', 'passthrough'),
                ('dummy', Dummify(target='turnover')),
                ('fix_perfect', Remove_100(target='turnover')),
                ('clean_names', Clean_Colum_Names()),
                ('feature_select', 'passthrough'), ('fix_multi', 'passthrough'),
                ('dfs', 'passthrough'), ('pca', 'passthrough'),
                ['trained_model',
                 GradientBoostingClassifier(random_state=2550)]]), probability_threshold=None, encoded_labels=False, drift_report=False, raw_score=False, round=4, verbose=True, ml_usecase=MLUsecase.CLASSIFICATION, display=None)
2022-01-13 23:51:02,689:INFO:Checking exceptions
2022-01-13 23:51:02,689:INFO:Preloading libraries
2022-01-13 23:51:20,878:INFO:Initializing load_model()
2022-01-13 23:51:20,878:INFO:load_model(model_name=model, platform=None, authentication=None, verbose=True)
2022-01-13 23:52:55,257:INFO:Initializing load_model()
2022-01-13 23:52:55,258:INFO:load_model(model_name=model, platform=None, authentication=None, verbose=True)
2022-01-13 23:53:33,512:INFO:Initializing load_model()
2022-01-13 23:53:33,513:INFO:load_model(model_name=model, platform=None, authentication=None, verbose=True)
2022-01-13 23:53:33,578:INFO:Initializing predict_model()
2022-01-13 23:53:33,578:INFO:predict_model(estimator=Pipeline(steps=[('dtypes',
                 DataTypes_Auto_infer(ml_usecase='classification',
                                      numerical_features=['yearsAtCompany'],
                                      target='turnover')),
                ('imputer',
                 Simple_Imputer(categorical_strategy='not_available',
                                fill_value_categorical=None,
                                fill_value_numerical=None,
                                numeric_strategy='mean',
                                target_variable=None)),
                ('new_levels1',
                 New_Catagorical_Levels_in_TestData(rep...
                ('rem_outliers', 'passthrough'), ('cluster_all', 'passthrough'),
                ('dummy', Dummify(target='turnover')),
                ('fix_perfect', Remove_100(target='turnover')),
                ('clean_names', Clean_Colum_Names()),
                ('feature_select', 'passthrough'), ('fix_multi', 'passthrough'),
                ('dfs', 'passthrough'), ('pca', 'passthrough'),
                ['trained_model',
                 GradientBoostingClassifier(random_state=2550)]]), probability_threshold=None, encoded_labels=False, drift_report=False, raw_score=False, round=4, verbose=True, ml_usecase=MLUsecase.CLASSIFICATION, display=None)
2022-01-13 23:53:33,580:INFO:Checking exceptions
2022-01-13 23:53:33,581:INFO:Preloading libraries
2022-01-13 23:54:10,339:INFO:Initializing load_model()
2022-01-13 23:54:10,340:INFO:load_model(model_name=model, platform=None, authentication=None, verbose=True)
2022-01-13 23:54:10,560:INFO:Initializing load_model()
2022-01-13 23:54:10,562:INFO:load_model(model_name=model, platform=None, authentication=None, verbose=True)
2022-01-13 23:54:10,644:INFO:Initializing predict_model()
2022-01-13 23:54:10,645:INFO:predict_model(estimator=Pipeline(steps=[('dtypes',
                 DataTypes_Auto_infer(ml_usecase='classification',
                                      numerical_features=['yearsAtCompany'],
                                      target='turnover')),
                ('imputer',
                 Simple_Imputer(categorical_strategy='not_available',
                                fill_value_categorical=None,
                                fill_value_numerical=None,
                                numeric_strategy='mean',
                                target_variable=None)),
                ('new_levels1',
                 New_Catagorical_Levels_in_TestData(rep...
                ('rem_outliers', 'passthrough'), ('cluster_all', 'passthrough'),
                ('dummy', Dummify(target='turnover')),
                ('fix_perfect', Remove_100(target='turnover')),
                ('clean_names', Clean_Colum_Names()),
                ('feature_select', 'passthrough'), ('fix_multi', 'passthrough'),
                ('dfs', 'passthrough'), ('pca', 'passthrough'),
                ['trained_model',
                 GradientBoostingClassifier(random_state=2550)]]), probability_threshold=None, encoded_labels=False, drift_report=False, raw_score=False, round=4, verbose=True, ml_usecase=MLUsecase.CLASSIFICATION, display=None)
2022-01-13 23:54:10,647:INFO:Checking exceptions
2022-01-13 23:54:10,648:INFO:Preloading libraries
2022-01-13 23:56:23,991:INFO:Initializing load_model()
2022-01-13 23:56:23,992:INFO:load_model(model_name=model, platform=None, authentication=None, verbose=True)
2022-01-13 23:56:27,262:INFO:Initializing load_model()
2022-01-13 23:56:27,262:INFO:load_model(model_name=model, platform=None, authentication=None, verbose=True)
2022-01-13 23:56:27,324:INFO:Initializing predict_model()
2022-01-13 23:56:27,324:INFO:predict_model(estimator=Pipeline(steps=[('dtypes',
                 DataTypes_Auto_infer(ml_usecase='classification',
                                      numerical_features=['yearsAtCompany'],
                                      target='turnover')),
                ('imputer',
                 Simple_Imputer(categorical_strategy='not_available',
                                fill_value_categorical=None,
                                fill_value_numerical=None,
                                numeric_strategy='mean',
                                target_variable=None)),
                ('new_levels1',
                 New_Catagorical_Levels_in_TestData(rep...
                ('rem_outliers', 'passthrough'), ('cluster_all', 'passthrough'),
                ('dummy', Dummify(target='turnover')),
                ('fix_perfect', Remove_100(target='turnover')),
                ('clean_names', Clean_Colum_Names()),
                ('feature_select', 'passthrough'), ('fix_multi', 'passthrough'),
                ('dfs', 'passthrough'), ('pca', 'passthrough'),
                ['trained_model',
                 GradientBoostingClassifier(random_state=2550)]]), probability_threshold=None, encoded_labels=False, drift_report=False, raw_score=False, round=4, verbose=True, ml_usecase=MLUsecase.CLASSIFICATION, display=None)
2022-01-13 23:56:27,327:INFO:Checking exceptions
2022-01-13 23:56:27,328:INFO:Preloading libraries
